..\hooktest\hooktest\HotKey.ilk
..\hooktest\hooktest\HotKey.pdb
E:\HOOK\HOOKTEST\HOOKTEST\HOTKEY.DLL
E:\hook\hooktest\hooktest\HotKey.exp
E:\HOOK\HOOKTEST\HOOKTEST\HOTKEY.ILK
E:\hook\hooktest\hooktest\HotKey.lib
E:\HOOK\HOOKTEST\HOOKTEST\HOTKEY.PDB
E:\hook\HotKey\..\hooktest\hooktest\HotKey.dll
E:\hook\HotKey\Debug\cl.command.1.tlog
E:\hook\HotKey\Debug\CL.read.1.tlog
E:\hook\HotKey\Debug\CL.write.1.tlog
E:\HOOK\HOTKEY\DEBUG\DLLMAIN.OBJ
E:\hook\HotKey\Debug\HotKey.dll.embed.manifest
E:\HOOK\HOTKEY\DEBUG\HOTKEY.DLL.EMBED.MANIFEST.RES
E:\HOOK\HOTKEY\DEBUG\HOTKEY.DLL.INTERMEDIATE.MANIFEST
E:\HOOK\HOTKEY\DEBUG\HOTKEY.OBJ
E:\HOOK\HOTKEY\DEBUG\HOTKEY.PCH
E:\hook\HotKey\Debug\HotKey.write.1.tlog
E:\hook\HotKey\Debug\HotKey_manifest.rc
E:\hook\HotKey\Debug\link.3240.read.1.tlog
E:\hook\HotKey\Debug\link.3240.write.1.tlog
E:\hook\HotKey\Debug\link.3240-cvtres.read.1.tlog
E:\hook\HotKey\Debug\link.3240-cvtres.write.1.tlog
E:\hook\HotKey\Debug\link.4388.read.1.tlog
E:\hook\HotKey\Debug\link.4388.write.1.tlog
E:\hook\HotKey\Debug\link.4388-cvtres.read.1.tlog
E:\hook\HotKey\Debug\link.4388-cvtres.write.1.tlog
E:\hook\HotKey\Debug\link.command.1.tlog
E:\hook\HotKey\Debug\link.read.1.tlog
E:\hook\HotKey\Debug\link.write.1.tlog
E:\hook\HotKey\Debug\link-cvtres.read.1.tlog
E:\hook\HotKey\Debug\link-cvtres.write.1.tlog
E:\hook\HotKey\Debug\mt.command.1.tlog
E:\hook\HotKey\Debug\mt.read.1.tlog
E:\hook\HotKey\Debug\mt.write.1.tlog
E:\hook\HotKey\Debug\rc.command.1.tlog
E:\hook\HotKey\Debug\rc.read.1.tlog
E:\hook\HotKey\Debug\rc.write.1.tlog
E:\HOOK\HOTKEY\DEBUG\STDAFX.OBJ
E:\hook\HotKey\Debug\vc100.idb
E:\HOOK\HOTKEY\DEBUG\VC100.PDB
E:\HOTKEY\HOOKTEST\HOOKTEST\HOOKTEST\HOTKEY.DLL
E:\HotKey\hooktest\hooktest\hooktest\HotKey.exp
E:\HOTKEY\HOOKTEST\HOOKTEST\HOOKTEST\HOTKEY.ILK
E:\HotKey\hooktest\hooktest\hooktest\HotKey.lib
E:\HOTKEY\HOOKTEST\HOOKTEST\HOOKTEST\HOTKEY.PDB
E:\HOTKEY\HOOKTEST\HOTKEY\DEBUG\DLLMAIN.OBJ
E:\HOTKEY\HOOKTEST\HOTKEY\DEBUG\HOTKEY.DLL.EMBED.MANIFEST.RES
E:\HOTKEY\HOOKTEST\HOTKEY\DEBUG\HOTKEY.DLL.INTERMEDIATE.MANIFEST
E:\HOTKEY\HOOKTEST\HOTKEY\DEBUG\HOTKEY.OBJ
E:\HOTKEY\HOOKTEST\HOTKEY\DEBUG\HOTKEY.PCH
E:\HOTKEY\HOOKTEST\HOTKEY\DEBUG\STDAFX.OBJ
E:\HOTKEY\HOOKTEST\HOTKEY\DEBUG\VC100.PDB
E:\HOTKEY\HOTKEY\DEBUG\DLLMAIN.OBJ
E:\HOTKEY\HOTKEY\DEBUG\HOTKEY.DLL.EMBED.MANIFEST
E:\HOTKEY\HOTKEY\DEBUG\HOTKEY.DLL.EMBED.MANIFEST.RES
E:\HOTKEY\HOTKEY\DEBUG\HOTKEY.DLL.INTERMEDIATE.MANIFEST
E:\HOTKEY\HOTKEY\DEBUG\HOTKEY.OBJ
E:\HOTKEY\HOTKEY\DEBUG\HOTKEY.PCH
E:\HOTKEY\HOTKEY\DEBUG\STDAFX.OBJ
E:\HOTKEY\HOTKEY\DEBUG\VC100.PDB
E:\HOTKEY\HOTKEY_APP\HOTKEY.DLL
E:\HotKey\HotKey_APP\HotKey.exp
E:\HOTKEY\HOTKEY_APP\HOTKEY.ILK
E:\HotKey\HotKey_APP\HotKey.lib
E:\HOTKEY\HOTKEY_APP\HOTKEY.PDB
