生成启动时间为 2018/4/11 星期三 下午 6:04:34。
     1>项目“E:\hook\HotKey\HotKey.vcxproj”在节点 2 上(build 个目标)。
     1>C:\Program Files (x86)\MSBuild\Microsoft.Cpp\v4.0\Microsoft.CppBuild.targets(299,5): warning MSB8004: Output 目录未以斜杠结尾。此生成实例将添加斜杠，因为必须有这个斜杠才能正确计算 Output 目录。
     1>InitializeBuildStatus:
         正在创建“Debug\HotKey.unsuccessfulbuild”，因为已指定“AlwaysCreate”。
       ClCompile:
         所有输出均为最新。
         所有输出均为最新。
         C:\Program Files (x86)\Microsoft Visual Studio 10.0\VC\bin\CL.exe /c /ZI /nologo /W3 /WX- /Od /Oy- /D WIN32 /D _DEBUG /D _WINDOWS /D _USRDLL /D HOTKEY_EXPORTS /D _WINDLL /D _UNICODE /D UNICODE /Gm /EHsc /RTC1 /MDd /GS /fp:precise /Zc:wchar_t /Zc:forScope /Yu"StdAfx.h" /Fp"Debug\HotKey.pch" /Fo"Debug\\" /Fd"Debug\vc100.pdb" /Gd /TP /analyze- /errorReport:prompt HotKey.cpp
         HotKey.cpp
     1>e:\hook\hotkey\hotkey.cpp(3): warning C4005: “_HOTKEY_”: 宏重定义
                 e:\hook\hotkey\hotkey.h(2) : 参见“_HOTKEY_”的前一个定义
     1>e:\hook\hotkey\hotkey.cpp(95): warning C4273: “load_hook”: dll 链接不一致
                 e:\hook\hotkey\hotkey.h(16) : 参见“load_hook”的前一个定义
     1>e:\hook\hotkey\hotkey.cpp(105): warning C4273: “upload_hook”: dll 链接不一致
                 e:\hook\hotkey\hotkey.h(17) : 参见“upload_hook”的前一个定义
       ManifestResourceCompile:
         所有输出均为最新。
       Link:
         C:\Program Files (x86)\Microsoft Visual Studio 10.0\VC\bin\link.exe /ERRORREPORT:PROMPT /OUT:"..\hooktest\hooktest\HotKey.dll" /INCREMENTAL /NOLOGO kernel32.lib user32.lib gdi32.lib winspool.lib comdlg32.lib advapi32.lib shell32.lib ole32.lib oleaut32.lib uuid.lib odbc32.lib odbccp32.lib /MANIFEST /ManifestFile:"Debug\HotKey.dll.intermediate.manifest" /MANIFESTUAC:"level='asInvoker' uiAccess='false'" /DEBUG /PDB:"E:\hook\hooktest\hooktest\HotKey.pdb" /SUBSYSTEM:WINDOWS /TLBID:1 /DYNAMICBASE /NXCOMPAT /IMPLIB:"..\hooktest\hooktest\HotKey.lib" /MACHINE:X86 /DLL Debug\HotKey.dll.embed.manifest.res
         Debug\dllmain.obj
         Debug\HotKey.obj
         Debug\stdafx.obj
       Manifest:
         C:\Program Files (x86)\Microsoft SDKs\Windows\v7.0A\bin\mt.exe /nologo /verbose /out:"Debug\HotKey.dll.embed.manifest" /manifest Debug\HotKey.dll.intermediate.manifest
         所有输出均为最新。
       LinkEmbedManifest:
         所有输出均为最新。
         HotKey.vcxproj -> E:\hook\HotKey\..\hooktest\hooktest\HotKey.dll
       FinalizeBuildStatus:
         正在删除文件“Debug\HotKey.unsuccessfulbuild”。
         正在对“Debug\HotKey.lastbuildstate”执行 Touch 任务。
     1>已完成生成项目“E:\hook\HotKey\HotKey.vcxproj”(build 个目标)的操作。

生成成功。

已用时间 00:00:00.24
